..\Dll\DSR.pdb
C:\Users\kanak\Desktop\THANK\Simulation 8.3.10 SINKHOLE\Dll\DSR.exp
C:\Users\kanak\Desktop\THANK\Simulation 8.3.10 SINKHOLE\Dll\DSR.lib
C:\USERS\KANAK\DESKTOP\THANK\SIMULATION 8.3.10 SINKHOLE\DLL\DSR.PDB
C:\USERS\KANAK\DESKTOP\THANK\SIMULATION 8.3.10 SINKHOLE\DLL\LIBDSR.DLL
C:\USERS\KANAK\DESKTOP\THANK\SIMULATION 8.3.10 SINKHOLE\DLL\LIBDSR.ILK
C:\USERS\KANAK\DESKTOP\THANK\SIMULATION 8.3.10 SINKHOLE\DSR\DEBUG\CHECKROUTEFOUND.OBJ
C:\Users\kanak\Desktop\THANK\Simulation 8.3.10 SINKHOLE\DSR\Debug\cl.command.1.tlog
C:\Users\kanak\Desktop\THANK\Simulation 8.3.10 SINKHOLE\DSR\Debug\CL.read.1.tlog
C:\Users\kanak\Desktop\THANK\Simulation 8.3.10 SINKHOLE\DSR\Debug\CL.write.1.tlog
C:\USERS\KANAK\DESKTOP\THANK\SIMULATION 8.3.10 SINKHOLE\DSR\DEBUG\DSR.DLL.EMBED.MANIFEST
C:\USERS\KANAK\DESKTOP\THANK\SIMULATION 8.3.10 SINKHOLE\DSR\DEBUG\DSR.DLL.EMBED.MANIFEST.RES
C:\USERS\KANAK\DESKTOP\THANK\SIMULATION 8.3.10 SINKHOLE\DSR\DEBUG\DSR.DLL.INTERMEDIATE.MANIFEST
C:\USERS\KANAK\DESKTOP\THANK\SIMULATION 8.3.10 SINKHOLE\DSR\DEBUG\DSR.OBJ
C:\Users\kanak\Desktop\THANK\Simulation 8.3.10 SINKHOLE\DSR\Debug\DSR.write.1.tlog
C:\Users\kanak\Desktop\THANK\Simulation 8.3.10 SINKHOLE\DSR\Debug\DSR_manifest.rc
C:\Users\kanak\Desktop\THANK\Simulation 8.3.10 SINKHOLE\DSR\Debug\link.1716.read.1.tlog
C:\Users\kanak\Desktop\THANK\Simulation 8.3.10 SINKHOLE\DSR\Debug\link.1716.write.1.tlog
C:\Users\kanak\Desktop\THANK\Simulation 8.3.10 SINKHOLE\DSR\Debug\link.1716-cvtres.read.1.tlog
C:\Users\kanak\Desktop\THANK\Simulation 8.3.10 SINKHOLE\DSR\Debug\link.1716-cvtres.write.1.tlog
C:\Users\kanak\Desktop\THANK\Simulation 8.3.10 SINKHOLE\DSR\Debug\link.4632.read.1.tlog
C:\Users\kanak\Desktop\THANK\Simulation 8.3.10 SINKHOLE\DSR\Debug\link.4632.write.1.tlog
C:\Users\kanak\Desktop\THANK\Simulation 8.3.10 SINKHOLE\DSR\Debug\link.4632-cvtres.read.1.tlog
C:\Users\kanak\Desktop\THANK\Simulation 8.3.10 SINKHOLE\DSR\Debug\link.4632-cvtres.write.1.tlog
C:\Users\kanak\Desktop\THANK\Simulation 8.3.10 SINKHOLE\DSR\Debug\link.command.1.tlog
C:\Users\kanak\Desktop\THANK\Simulation 8.3.10 SINKHOLE\DSR\Debug\link.read.1.tlog
C:\Users\kanak\Desktop\THANK\Simulation 8.3.10 SINKHOLE\DSR\Debug\link.write.1.tlog
C:\USERS\KANAK\DESKTOP\THANK\SIMULATION 8.3.10 SINKHOLE\DSR\DEBUG\MAINTBUFFER.OBJ
C:\USERS\KANAK\DESKTOP\THANK\SIMULATION 8.3.10 SINKHOLE\DSR\DEBUG\MALICIOUS.OBJ
C:\Users\kanak\Desktop\THANK\Simulation 8.3.10 SINKHOLE\DSR\Debug\mt.command.1.tlog
C:\Users\kanak\Desktop\THANK\Simulation 8.3.10 SINKHOLE\DSR\Debug\mt.read.1.tlog
C:\Users\kanak\Desktop\THANK\Simulation 8.3.10 SINKHOLE\DSR\Debug\mt.write.1.tlog
C:\USERS\KANAK\DESKTOP\THANK\SIMULATION 8.3.10 SINKHOLE\DSR\DEBUG\NETWORK_LAYER_ACK.OBJ
C:\USERS\KANAK\DESKTOP\THANK\SIMULATION 8.3.10 SINKHOLE\DSR\DEBUG\PACKETPROCESSING.OBJ
C:\Users\kanak\Desktop\THANK\Simulation 8.3.10 SINKHOLE\DSR\Debug\rc.command.1.tlog
C:\Users\kanak\Desktop\THANK\Simulation 8.3.10 SINKHOLE\DSR\Debug\rc.read.1.tlog
C:\Users\kanak\Desktop\THANK\Simulation 8.3.10 SINKHOLE\DSR\Debug\rc.write.1.tlog
C:\USERS\KANAK\DESKTOP\THANK\SIMULATION 8.3.10 SINKHOLE\DSR\DEBUG\ROUTECACHE.OBJ
C:\USERS\KANAK\DESKTOP\THANK\SIMULATION 8.3.10 SINKHOLE\DSR\DEBUG\ROUTEERROR.OBJ
C:\USERS\KANAK\DESKTOP\THANK\SIMULATION 8.3.10 SINKHOLE\DSR\DEBUG\ROUTEREPLY.OBJ
C:\USERS\KANAK\DESKTOP\THANK\SIMULATION 8.3.10 SINKHOLE\DSR\DEBUG\ROUTEREQUEST.OBJ
C:\USERS\KANAK\DESKTOP\THANK\SIMULATION 8.3.10 SINKHOLE\DSR\DEBUG\SENDBUFFER.OBJ
C:\USERS\KANAK\DESKTOP\THANK\SIMULATION 8.3.10 SINKHOLE\DSR\DEBUG\SOURCEROUTE.OBJ
C:\Users\kanak\Desktop\THANK\Simulation 8.3.10 SINKHOLE\DSR\Debug\vc100.idb
C:\USERS\KANAK\DESKTOP\THANK\SIMULATION 8.3.10 SINKHOLE\DSR\DEBUG\VC100.PDB
